1599388053505	geckodriver	INFO	Listening on 127.0.0.1:45085
1599388054511	mozrunner::runner	INFO	Running command: "/usr/bin/firefox" "--marionette" "-foreground" "-no-remote" "-profile" "/tmp/rust_mozprofilevksfll"
console.error: SearchCache: "_readCacheFile: Error reading cache file:" (new Error("", "(unknown module)"))
1599388058833	Marionette	INFO	Listening on port 33609
console.error: Region.jsm: "Error fetching region" (new TypeError("NetworkError when attempting to fetch resource.", ""))
console.error: Region.jsm: "Failed to fetch region" (new Error("NO_RESULT", "resource://gre/modules/Region.jsm", 343))
1599388058866	Marionette	WARN	TLS certificate errors will be ignored for this session
JavaScript error: https://1.1.1.1/help-c6bfa1e5a897e7c035b4.js, line 1: TypeError: t is undefined
JavaScript error: https://maps.googleapis.com/maps/api/js?key=AIzaSyCuebBICxH3FZeML7_xQVszyKm_sswAcac&libraries=places, line 87: Error: Could not load "util".
1599388082042	Marionette	INFO	Stopped listening on port 33609
1599388174494	geckodriver	INFO	Listening on 127.0.0.1:40159
1599388174503	mozrunner::runner	INFO	Running command: "/usr/bin/firefox" "--marionette" "-foreground" "-no-remote" "-profile" "/tmp/rust_mozprofilefXcGsN"
console.error: SearchCache: "_readCacheFile: Error reading cache file:" (new Error("", "(unknown module)"))
1599388177325	Marionette	INFO	Listening on port 40671
1599388177376	Marionette	WARN	TLS certificate errors will be ignored for this session
console.error: Region.jsm: "Error fetching region" (new TypeError("NetworkError when attempting to fetch resource.", ""))
console.error: Region.jsm: "Failed to fetch region" (new Error("NO_RESULT", "resource://gre/modules/Region.jsm", 343))
1599388181656	Marionette	INFO	Stopped listening on port 40671

###!!! [Child][RunMessage] Error: Channel closing: too late to send/recv, messages will be lost


###!!! [Child][RunMessage] Error: Channel closing: too late to send/recv, messages will be lost

1599388318440	geckodriver	INFO	Listening on 127.0.0.1:33953
1599388318449	mozrunner::runner	INFO	Running command: "/usr/bin/firefox" "--marionette" "-foreground" "-no-remote" "-profile" "/tmp/rust_mozprofilejzhrOE"
console.error: SearchCache: "_readCacheFile: Error reading cache file:" (new Error("", "(unknown module)"))
1599388321018	Marionette	INFO	Listening on port 41343
1599388321090	Marionette	WARN	TLS certificate errors will be ignored for this session
1599388325342	Marionette	INFO	Stopped listening on port 41343
1599388380390	geckodriver	INFO	Listening on 127.0.0.1:54059
1599388380401	mozrunner::runner	INFO	Running command: "/usr/bin/firefox" "--marionette" "-foreground" "-no-remote" "-profile" "/tmp/rust_mozprofilelWUZuV"
console.error: SearchCache: "_readCacheFile: Error reading cache file:" (new Error("", "(unknown module)"))
1599388383137	Marionette	INFO	Listening on port 36933
1599388383233	Marionette	WARN	TLS certificate errors will be ignored for this session
1599388387391	Marionette	INFO	Stopped listening on port 36933

###!!! [Child][RunMessage] Error: Channel closing: too late to send/recv, messages will be lost

1599388432630	geckodriver	INFO	Listening on 127.0.0.1:54105
1599388432640	mozrunner::runner	INFO	Running command: "/usr/bin/firefox" "--marionette" "-foreground" "-no-remote" "-profile" "/tmp/rust_mozprofile64ejCS"
console.error: SearchCache: "_readCacheFile: Error reading cache file:" (new Error("", "(unknown module)"))
1599388435285	Marionette	INFO	Listening on port 33233
1599388435386	Marionette	WARN	TLS certificate errors will be ignored for this session
1599388439874	Marionette	INFO	Stopped listening on port 33233
1599388668746	geckodriver	INFO	Listening on 127.0.0.1:36957
1599388668754	mozrunner::runner	INFO	Running command: "/usr/bin/firefox" "--marionette" "-foreground" "-no-remote" "-profile" "/tmp/rust_mozprofilehxAOBB"
console.error: SearchCache: "_readCacheFile: Error reading cache file:" (new Error("", "(unknown module)"))
console.error: Region.jsm: "Error fetching region" (new TypeError("NetworkError when attempting to fetch resource.", ""))
console.error: Region.jsm: "Failed to fetch region" (new Error("NO_RESULT", "resource://gre/modules/Region.jsm", 343))
1599388671499	Marionette	INFO	Listening on port 44645
1599388671581	Marionette	WARN	TLS certificate errors will be ignored for this session
1599388675116	Marionette	INFO	Stopped listening on port 44645
1599388722740	geckodriver	INFO	Listening on 127.0.0.1:37549
1599388722754	mozrunner::runner	INFO	Running command: "/usr/bin/firefox" "--marionette" "-foreground" "-no-remote" "-profile" "/tmp/rust_mozprofilerP4rck"
console.error: SearchCache: "_readCacheFile: Error reading cache file:" (new Error("", "(unknown module)"))
1599388725751	Marionette	INFO	Listening on port 36749
console.error: Region.jsm: "Error fetching region" (new TypeError("NetworkError when attempting to fetch resource.", ""))
console.error: Region.jsm: "Failed to fetch region" (new Error("NO_RESULT", "resource://gre/modules/Region.jsm", 343))
1599388725788	Marionette	WARN	TLS certificate errors will be ignored for this session
1599388730543	Marionette	INFO	Stopped listening on port 36749
1599388795191	geckodriver	INFO	Listening on 127.0.0.1:40697
1599388795203	mozrunner::runner	INFO	Running command: "/usr/bin/firefox" "--marionette" "-foreground" "-no-remote" "-profile" "/tmp/rust_mozprofileJHN2c3"
console.error: SearchCache: "_readCacheFile: Error reading cache file:" (new Error("", "(unknown module)"))
console.error: Region.jsm: "Error fetching region" (new TypeError("NetworkError when attempting to fetch resource.", ""))
console.error: Region.jsm: "Failed to fetch region" (new Error("NO_RESULT", "resource://gre/modules/Region.jsm", 343))
1599388798300	Marionette	INFO	Listening on port 41645
1599388798391	Marionette	WARN	TLS certificate errors will be ignored for this session
1599388802576	Marionette	INFO	Stopped listening on port 41645

###!!! [Child][MessageChannel] Error: (msgtype=0x6B0029,name=PNecko::Msg_RemoveRequestContext) Channel closing: too late to send/recv, messages will be lost


###!!! [Child][RunMessage] Error: Channel closing: too late to send/recv, messages will be lost

1599388982668	geckodriver	INFO	Listening on 127.0.0.1:59269
1599388982680	mozrunner::runner	INFO	Running command: "/usr/bin/firefox" "--marionette" "-foreground" "-no-remote" "-profile" "/tmp/rust_mozprofileG7kdOj"
console.error: SearchCache: "_readCacheFile: Error reading cache file:" (new Error("", "(unknown module)"))
1599388985638	Marionette	INFO	Listening on port 38947
console.error: Region.jsm: "Error fetching region" (new TypeError("NetworkError when attempting to fetch resource.", ""))
console.error: Region.jsm: "Failed to fetch region" (new Error("NO_RESULT", "resource://gre/modules/Region.jsm", 343))
1599388985709	Marionette	WARN	TLS certificate errors will be ignored for this session
1599388989207	Marionette	INFO	Stopped listening on port 38947
1599389013966	geckodriver	INFO	Listening on 127.0.0.1:44135
1599389013977	mozrunner::runner	INFO	Running command: "/usr/bin/firefox" "--marionette" "-foreground" "-no-remote" "-profile" "/tmp/rust_mozprofile1MI5DF"
console.error: SearchCache: "_readCacheFile: Error reading cache file:" (new Error("", "(unknown module)"))
1599389016582	Marionette	INFO	Listening on port 36925
1599389016610	Marionette	WARN	TLS certificate errors will be ignored for this session
1599389021182	Marionette	INFO	Stopped listening on port 36925
1599389053529	geckodriver	INFO	Listening on 127.0.0.1:46147
1599389053542	mozrunner::runner	INFO	Running command: "/usr/bin/firefox" "--marionette" "-foreground" "-no-remote" "-profile" "/tmp/rust_mozprofileRqgqaw"
console.error: SearchCache: "_readCacheFile: Error reading cache file:" (new Error("", "(unknown module)"))
1599389056482	Marionette	INFO	Listening on port 36927
1599389056568	Marionette	WARN	TLS certificate errors will be ignored for this session
JavaScript error: https://1.1.1.1/help-c6bfa1e5a897e7c035b4.js, line 1: TypeError: t is undefined
1599389062098	Marionette	INFO	Stopped listening on port 36927
1599389159864	geckodriver	INFO	Listening on 127.0.0.1:51587
1599389160871	mozrunner::runner	INFO	Running command: "/usr/bin/firefox" "--marionette" "-foreground" "-no-remote" "-profile" "/tmp/rust_mozprofile4jWRad"
console.error: SearchCache: "_readCacheFile: Error reading cache file:" (new Error("", "(unknown module)"))
1599389163552	Marionette	INFO	Listening on port 34381
1599389163595	Marionette	WARN	TLS certificate errors will be ignored for this session
1599389168612	Marionette	INFO	Stopped listening on port 34381
1599389352736	geckodriver	INFO	Listening on 127.0.0.1:41261
1599389353749	mozrunner::runner	INFO	Running command: "/usr/bin/firefox" "--marionette" "-foreground" "-no-remote" "-profile" "/tmp/rust_mozprofile7aNl1N"
console.error: SearchCache: "_readCacheFile: Error reading cache file:" (new Error("", "(unknown module)"))
1599389357349	Marionette	INFO	Listening on port 36513
1599389357395	Marionette	WARN	TLS certificate errors will be ignored for this session
1599389365759	Marionette	INFO	Stopped listening on port 36513
1599389593896	geckodriver	INFO	Listening on 127.0.0.1:38017
1599389594905	mozrunner::runner	INFO	Running command: "/usr/bin/firefox" "--marionette" "-foreground" "-no-remote" "-profile" "/tmp/rust_mozprofilefa1EUQ"
console.error: SearchCache: "_readCacheFile: Error reading cache file:" (new Error("", "(unknown module)"))
1599389597714	Marionette	INFO	Listening on port 45115
1599389597757	Marionette	WARN	TLS certificate errors will be ignored for this session
1599389629097	geckodriver	INFO	Listening on 127.0.0.1:46647
1599389630108	mozrunner::runner	INFO	Running command: "/usr/bin/firefox" "--marionette" "-foreground" "-no-remote" "-profile" "/tmp/rust_mozprofilePNAlvr"
console.error: SearchCache: "_readCacheFile: Error reading cache file:" (new Error("", "(unknown module)"))
1599389633516	Marionette	INFO	Listening on port 36839
console.error: Region.jsm: "Error fetching region" (new TypeError("NetworkError when attempting to fetch resource.", ""))
console.error: Region.jsm: "Failed to fetch region" (new Error("NO_RESULT", "resource://gre/modules/Region.jsm", 343))
1599389633543	Marionette	WARN	TLS certificate errors will be ignored for this session
1599389641486	Marionette	INFO	Stopped listening on port 36839
1599389654590	Marionette	INFO	Stopped listening on port 45115
1599389842325	geckodriver	INFO	Listening on 127.0.0.1:48683
1599389843333	mozrunner::runner	INFO	Running command: "/usr/bin/firefox" "--marionette" "-foreground" "-no-remote" "-profile" "/tmp/rust_mozprofileVtif1U"
console.error: SearchCache: "_readCacheFile: Error reading cache file:" (new Error("", "(unknown module)"))
1599389845526	Marionette	INFO	Listening on port 45021
1599389845557	Marionette	WARN	TLS certificate errors will be ignored for this session
1599389855010	Marionette	INFO	Stopped listening on port 45021
1599390075534	geckodriver	INFO	Listening on 127.0.0.1:52879
1599390075542	mozrunner::runner	INFO	Running command: "/usr/bin/firefox" "--marionette" "-foreground" "-no-remote" "-profile" "/tmp/rust_mozprofileuDmzAi"
console.error: SearchCache: "_readCacheFile: Error reading cache file:" (new Error("", "(unknown module)"))
1599390077513	Marionette	INFO	Listening on port 44385
1599390077564	Marionette	WARN	TLS certificate errors will be ignored for this session
1599390088748	Marionette	INFO	Stopped listening on port 44385

###!!! [Child][RunMessage] Error: Channel closing: too late to send/recv, messages will be lost

1599390138985	geckodriver	INFO	Listening on 127.0.0.1:34087
1599390138991	mozrunner::runner	INFO	Running command: "/usr/bin/firefox" "--marionette" "-foreground" "-no-remote" "-profile" "/tmp/rust_mozprofile4qmui7"
console.error: SearchCache: "_readCacheFile: Error reading cache file:" (new Error("", "(unknown module)"))
1599390141011	Marionette	INFO	Listening on port 36485
1599390141109	Marionette	WARN	TLS certificate errors will be ignored for this session
1599390169642	Marionette	INFO	Stopped listening on port 36485
1599390296709	geckodriver	INFO	Listening on 127.0.0.1:40799
1599390296720	mozrunner::runner	INFO	Running command: "/usr/bin/firefox" "--marionette" "-foreground" "-no-remote" "-profile" "/tmp/rust_mozprofileOn4OpX"
console.error: SearchCache: "_readCacheFile: Error reading cache file:" (new Error("", "(unknown module)"))
1599390298604	Marionette	INFO	Listening on port 36295
1599390298645	Marionette	WARN	TLS certificate errors will be ignored for this session
JavaScript error: https://maps.googleapis.com/maps/api/js?key=AIzaSyCuebBICxH3FZeML7_xQVszyKm_sswAcac&libraries=places, line 87: Error: Could not load "util".
1599390306859	Marionette	INFO	Stopped listening on port 36295
1599390378813	geckodriver	INFO	Listening on 127.0.0.1:37113
1599390378822	mozrunner::runner	INFO	Running command: "/usr/bin/firefox" "--marionette" "-foreground" "-no-remote" "-profile" "/tmp/rust_mozprofileYFAy0i"
console.error: SearchCache: "_readCacheFile: Error reading cache file:" (new Error("", "(unknown module)"))
1599390380927	Marionette	INFO	Listening on port 42117
1599390380958	Marionette	WARN	TLS certificate errors will be ignored for this session
1599390394487	Marionette	INFO	Stopped listening on port 42117
1599390420402	geckodriver	INFO	Listening on 127.0.0.1:57083
1599390420410	mozrunner::runner	INFO	Running command: "/usr/bin/firefox" "--marionette" "-foreground" "-no-remote" "-profile" "/tmp/rust_mozprofileDZ0Q6N"
console.error: SearchCache: "_readCacheFile: Error reading cache file:" (new Error("", "(unknown module)"))
1599390422332	Marionette	INFO	Listening on port 41383
1599390422359	Marionette	WARN	TLS certificate errors will be ignored for this session
1599390447121	Marionette	INFO	Stopped listening on port 41383
1599390478130	geckodriver	INFO	Listening on 127.0.0.1:47673
1599390478137	mozrunner::runner	INFO	Running command: "/usr/bin/firefox" "--marionette" "-foreground" "-no-remote" "-profile" "/tmp/rust_mozprofile3N5FCP"
console.error: SearchCache: "_readCacheFile: Error reading cache file:" (new Error("", "(unknown module)"))
1599390480240	Marionette	INFO	Listening on port 37409
1599390480260	Marionette	WARN	TLS certificate errors will be ignored for this session
1599390511623	Marionette	INFO	Stopped listening on port 37409
1599390548443	geckodriver	INFO	Listening on 127.0.0.1:45211
1599390548450	mozrunner::runner	INFO	Running command: "/usr/bin/firefox" "--marionette" "-foreground" "-no-remote" "-profile" "/tmp/rust_mozprofilet1k1sF"
console.error: SearchCache: "_readCacheFile: Error reading cache file:" (new Error("", "(unknown module)"))
1599390550553	Marionette	INFO	Listening on port 40383
1599390550570	Marionette	WARN	TLS certificate errors will be ignored for this session
1599390581808	Marionette	INFO	Stopped listening on port 40383
1599390604790	geckodriver	INFO	Listening on 127.0.0.1:34293
1599390604798	mozrunner::runner	INFO	Running command: "/usr/bin/firefox" "--marionette" "-foreground" "-no-remote" "-profile" "/tmp/rust_mozprofiletZHCoV"
console.error: SearchCache: "_readCacheFile: Error reading cache file:" (new Error("", "(unknown module)"))
1599390606837	Marionette	INFO	Listening on port 38001
1599390606915	Marionette	WARN	TLS certificate errors will be ignored for this session
1599390622386	Marionette	INFO	Stopped listening on port 38001

###!!! [Child][RunMessage] Error: Channel closing: too late to send/recv, messages will be lost

1599390755452	geckodriver	INFO	Listening on 127.0.0.1:40955
1599390755466	mozrunner::runner	INFO	Running command: "/usr/bin/firefox" "--marionette" "-foreground" "-no-remote" "-profile" "/tmp/rust_mozprofileKdVlvM"
console.error: SearchCache: "_readCacheFile: Error reading cache file:" (new Error("", "(unknown module)"))
1599390758403	Marionette	INFO	Listening on port 45137
console.error: Region.jsm: "Error fetching region" (new TypeError("NetworkError when attempting to fetch resource.", ""))
console.error: Region.jsm: "Failed to fetch region" (new Error("NO_RESULT", "resource://gre/modules/Region.jsm", 343))
1599390758489	Marionette	WARN	TLS certificate errors will be ignored for this session
1599390770545	Marionette	INFO	Stopped listening on port 45137
